LibMedia/app/build/intermediates/manifest_merge_blame_file/debug/manifest-merger-blame-debug-report.txt
1<?xml version="1.0" encoding="utf-8"?>
2<manifest xmlns:android="http://schemas.android.com/apk/res/android"
3    package="com.rlnb.lib.media.app"
4    android:versionCode="1"
5    android:versionName="0.0.1" >
6
7    <uses-sdk
8        android:minSdkVersion="19"
8-->src\main\AndroidManifest.xml
9        android:targetSdkVersion="30" />
9-->src\main\AndroidManifest.xml
10
11    <uses-permission android:name="android.permission.READ_EXTERNAL_STORAGE" />
11-->[:lmedia] AndroidManifest.xml:12:5-80
11-->[:lmedia] AndroidManifest.xml:12:22-77
12    <uses-permission android:name="android.permission.WRITE_EXTERNAL_STORAGE" />
12-->[:lmedia] AndroidManifest.xml:13:5-81
12-->[:lmedia] AndroidManifest.xml:13:22-78
13    <uses-permission android:name="android.permission.CAMERA" />
13-->[:lmedia] AndroidManifest.xml:14:5-65
13-->[:lmedia] AndroidManifest.xml:14:22-62
14
15    <application
15-->src\main\AndroidManifest.xml:5:5-27:19
16        android:name="com.rlnb.lib.media.app.NbApplication"
16-->src\main\AndroidManifest.xml:6:9-38
17        android:allowBackup="true"
17-->src\main\AndroidManifest.xml:7:9-35
18        android:appComponentFactory="androidx.core.app.CoreComponentFactory"
18-->[androidx.core:core:1.5.0] AndroidManifest.xml:24:18-86
19        android:debuggable="true"
20        android:icon="@mipmap/ic_launcher"
20-->src\main\AndroidManifest.xml:8:9-43
21        android:label="@string/app_name"
21-->src\main\AndroidManifest.xml:9:9-41
22        android:roundIcon="@mipmap/ic_launcher_round"
22-->src\main\AndroidManifest.xml:10:9-54
23        android:supportsRtl="true"
23-->src\main\AndroidManifest.xml:11:9-35
24        android:testOnly="true"
25        android:theme="@style/Theme.LibMedia" >
25-->src\main\AndroidManifest.xml:12:9-46
26        <activity android:name="com.rlnb.lib.media.app.MainActivity" >
26-->src\main\AndroidManifest.xml:14:9-20:20
26-->src\main\AndroidManifest.xml:15:13-41
27            <intent-filter>
27-->src\main\AndroidManifest.xml:16:13-19:29
28                <action android:name="android.intent.action.MAIN" />
28-->src\main\AndroidManifest.xml:17:17-69
28-->src\main\AndroidManifest.xml:17:25-66
29
30                <category android:name="android.intent.category.LAUNCHER" />
30-->src\main\AndroidManifest.xml:18:17-77
30-->src\main\AndroidManifest.xml:18:27-74
31            </intent-filter>
32        </activity>
33        <activity
33-->src\main\AndroidManifest.xml:22:9-26:71
34            android:name="com.yalantis.ucrop.UCropActivity"
34-->src\main\AndroidManifest.xml:23:13-60
35            android:hardwareAccelerated="false"
35-->src\main\AndroidManifest.xml:25:13-48
36            android:screenOrientation="portrait"
36-->src\main\AndroidManifest.xml:24:13-49
37            android:theme="@style/Theme.AppCompat.Light.NoActionBar" />
37-->src\main\AndroidManifest.xml:26:13-69
38
39        <provider
39-->[:lmedia] AndroidManifest.xml:17:9-27:20
40            android:name="androidx.core.content.FileProvider"
40-->[:lmedia] AndroidManifest.xml:18:13-62
41            android:authorities="com.rlnb.lib.media.app.fileprovidermedia"
41-->[:lmedia] AndroidManifest.xml:19:13-69
42            android:exported="false"
42-->[:lmedia] AndroidManifest.xml:20:13-37
43            android:grantUriPermissions="true" >
43-->[:lmedia] AndroidManifest.xml:21:13-47
44            <meta-data
44-->[:lmedia] AndroidManifest.xml:23:13-26:52
45                android:name="android.support.FILE_PROVIDER_PATHS"
45-->[:lmedia] AndroidManifest.xml:24:17-67
46                android:resource="@xml/lmedia_file_paths" />
46-->[:lmedia] AndroidManifest.xml:25:17-58
47        </provider>
48    </application>
49
50</manifest>